#
# There is insufficient memory for the Java Runtime Environment to continue.
# Native memory allocation (mmap) failed to map 268435456 bytes. Error detail: G1 virtual space
# Possible reasons:
#   The system is out of physical RAM or swap space
#   This process is running with CompressedOops enabled, and the Java Heap may be blocking the growth of the native heap
# Possible solutions:
#   Reduce memory load on the system
#   Increase physical memory or swap space
#   Check if swap backing store is full
#   Decrease Java heap size (-Xmx/-Xms)
#   Decrease number of Java threads
#   Decrease Java thread stack sizes (-Xss)
#   Set larger code cache with -XX:ReservedCodeCacheSize=
#   JVM is running with Zero Based Compressed Oops mode in which the Java heap is
#     placed in the first 32GB address space. The Java Heap base address is the
#     maximum limit for the native heap growth. Please use -XX:HeapBaseMinAddress
#     to set the Java Heap base and to place the Java Heap above 32GB virtual address.
# This output file may be truncated or incomplete.
#
#  Out of Memory Error (os_windows.cpp:3631), pid=11392, tid=13324
#
# JRE version:  (22.0.1+8) (build )
# Java VM: OpenJDK 64-Bit Server VM (22.0.1+8-16, mixed mode, sharing, tiered, compressed oops, compressed class ptrs, g1 gc, windows-amd64)
# No core dump will be written. Minidumps are not enabled by default on client versions of Windows
#

---------------  S U M M A R Y ------------

Command Line: -javaagent:C:\Program Files\JetBrains\IntelliJ IDEA 2024.1\lib\idea_rt.jar=17968:C:\Program Files\JetBrains\IntelliJ IDEA 2024.1\bin -Dfile.encoding=UTF-8 -Dsun.stdout.encoding=UTF-8 -Dsun.stderr.encoding=UTF-8 Main

Host: AMD FX(tm)-6300 Six-Core Processor             , 6 cores, 15G,  Windows 10 , 64 bit Build 19041 (10.0.19041.3570)
Time: Tue Apr 30 23:16:19 2024 RTZ 9 (s 10 , 64 bit Build 19041 (10.0.19041.3570) elapsed time: 0.053979 seconds (0d 0h 0m 0s)

---------------  T H R E A D  ---------------

Current thread (0x000001768b362df0):  JavaThread "Unknown thread" [_thread_in_vm, id=13324, stack(0x0000002dc4300000,0x0000002dc4400000) (1024K)]

Stack: [0x0000002dc4300000,0x0000002dc4400000]
Native frames: (J=compiled Java code, j=interpreted, Vv=VM code, C=native code)
V  [jvm.dll+0x6e2279]  (no source info available)
V  [jvm.dll+0x874e33]  (no source info available)
V  [jvm.dll+0x87725e]  (no source info available)
V  [jvm.dll+0x877933]  (no source info available)
V  [jvm.dll+0x27fd76]  (no source info available)
V  [jvm.dll+0x6de915]  (no source info available)
V  [jvm.dll+0x6d341a]  (no source info available)
V  [jvm.dll+0x3589da]  (no source info available)
V  [jvm.dll+0x360f06]  (no source info available)
V  [jvm.dll+0x3b3e2e]  (no source info available)
V  [jvm.dll+0x3b40d8]  (no source info available)
V  [jvm.dll+0x32c59c]  (no source info available)
V  [jvm.dll+0x32d158]  (no source info available)
V  [jvm.dll+0x83ccdc]  (no source info available)
V  [jvm.dll+0x3c0d71]  (no source info available)
V  [jvm.dll+0x825ccc]  (no source info available)
V  [jvm.dll+0x45b8fe]  (no source info available)
V  [jvm.dll+0x45d781]  (no source info available)
C  [jli.dll+0x52a3]  (no source info available)
C  [ucrtbase.dll+0x21bb2]  (no source info available)
C  [KERNEL32.DLL+0x17344]  (no source info available)
C  [ntdll.dll+0x526b1]  (no source info available)


---------------  P R O C E S S  ---------------

Threads class SMR info:
_java_thread_list=0x00007fffd84cb1c8, length=0, elements={
}

Java Threads: ( => current thread )
Total: 0

Other Threads:
  0x000001768b662c50 WorkerThread "GC Thread#0"                     [id=11520, stack(0x0000002dc4400000,0x0000002dc4500000) (1024K)]
  0x000001768b674c90 ConcurrentGCThread "G1 Main Marker"            [id=12572, stack(0x0000002dc4500000,0x0000002dc4600000) (1024K)]
  0x000001768b676060 WorkerThread "G1 Conc#0"                       [id=3016, stack(0x0000002dc4600000,0x0000002dc4700000) (1024K)]

[error occurred during error reporting (printing all threads), id 0xc0000005, EXCEPTION_ACCESS_VIOLATION (0xc0000005) at pc=0x00007fffd7c1f367]
VM state: not at safepoint (not fully initialized)

VM Mutex/Monitor currently owned by a thread:  ([mutex/lock_event])
[0x00007fffd854bcb8] Heap_lock - owner thread: 0x000001768b362df0

Heap address: 0x0000000700800000, size: 4088 MB, Compressed Oops mode: Zero based, Oop shift amount: 3

CDS archive(s) mapped at: [0x0000000000000000-0x0000000000000000-0x0000000000000000), size 0, SharedBaseAddress: 0x0000000800000000, ArchiveRelocationMode: 1.
Narrow klass base: 0x0000000000000000, Narrow klass shift: 0, Narrow klass range: 0x0

GC Precious Log:
 CardTable entry size: 512
 Card Set container configuration: InlinePtr #cards 4 size 8 Array Of Cards #cards 16 size 48 Howl #buckets 8 coarsen threshold 3686 Howl Bitmap #cards 512 size 80 coarsen threshold 460 Card regions per heap region 1 cards per card region 4096

Heap:
 garbage-first heap   total reserved 4186112K, committed 0K, used 0K [0x0000000700800000, 0x0000000800000000)
  region size 2048K, 0 young (0K), 0 survivors (0K)

[error occurred during error reporting (printing heap information), id 0xc0000005, EXCEPTION_ACCESS_VIOLATION (0xc0000005) at pc=0x00007fffd801e429]
GC Heap History (0 events):
No events

Dll operation events (1 events):
Event: 0.016 Loaded shared library C:\Users\Egor Orlenok\.jdks\openjdk-22.0.1\bin\java.dll

Deoptimization events (0 events):
No events

Classes loaded (0 events):
No events

Classes unloaded (0 events):
No events

Classes redefined (0 events):
No events

Internal exceptions (0 events):
No events

ZGC Phase Switch (0 events):
No events

VM Operations (0 events):
No events

Events (0 events):
No events


Dynamic libraries:
0x00007ff61a310000 - 0x00007ff61a31e000 	C:\Users\Egor Orlenok\.jdks\openjdk-22.0.1\bin\java.exe
0x00007ff8538d0000 - 0x00007ff853ac7000 	C:\Windows\SYSTEM32\ntdll.dll
0x00007ff852260000 - 0x00007ff85231d000 	C:\Windows\System32\KERNEL32.DLL
0x00007ff851370000 - 0x00007ff851666000 	C:\Windows\System32\KERNELBASE.dll
0x00007ff8517b0000 - 0x00007ff8518b0000 	C:\Windows\System32\ucrtbase.dll
0x00007ff8417a0000 - 0x00007ff8417b7000 	C:\Users\Egor Orlenok\.jdks\openjdk-22.0.1\bin\jli.dll
0x00007ff841780000 - 0x00007ff84179b000 	C:\Users\Egor Orlenok\.jdks\openjdk-22.0.1\bin\VCRUNTIME140.dll
0x00007ff8535d0000 - 0x00007ff85376e000 	C:\Windows\System32\USER32.dll
0x00007ff850f80000 - 0x00007ff850fa2000 	C:\Windows\System32\win32u.dll
0x00007ff83a5b0000 - 0x00007ff83a84a000 	C:\Windows\WinSxS\amd64_microsoft.windows.common-controls_6595b64144ccf1df_6.0.19041.3570_none_60bb2a3971f3e41a\COMCTL32.dll
0x00007ff853200000 - 0x00007ff85322c000 	C:\Windows\System32\GDI32.dll
0x00007ff853160000 - 0x00007ff8531fe000 	C:\Windows\System32\msvcrt.dll
0x00007ff8510f0000 - 0x00007ff85120a000 	C:\Windows\System32\gdi32full.dll
0x00007ff850fb0000 - 0x00007ff85104d000 	C:\Windows\System32\msvcp_win.dll
0x00007ff852450000 - 0x00007ff852480000 	C:\Windows\System32\IMM32.DLL
0x00007ff848bd0000 - 0x00007ff848bdc000 	C:\Users\Egor Orlenok\.jdks\openjdk-22.0.1\bin\vcruntime140_1.dll
0x00007ff82e440000 - 0x00007ff82e4ce000 	C:\Users\Egor Orlenok\.jdks\openjdk-22.0.1\bin\msvcp140.dll
0x00007fffd78e0000 - 0x00007fffd8627000 	C:\Users\Egor Orlenok\.jdks\openjdk-22.0.1\bin\server\jvm.dll
0x00007ff853440000 - 0x00007ff8534ee000 	C:\Windows\System32\ADVAPI32.dll
0x00007ff8530c0000 - 0x00007ff85315c000 	C:\Windows\System32\sechost.dll
0x00007ff851aa0000 - 0x00007ff851bc6000 	C:\Windows\System32\RPCRT4.dll
0x00007ff8519d0000 - 0x00007ff851a3b000 	C:\Windows\System32\WS2_32.dll
0x00007ff8509a0000 - 0x00007ff8509eb000 	C:\Windows\SYSTEM32\POWRPROF.dll
0x00007ff84b690000 - 0x00007ff84b69a000 	C:\Windows\SYSTEM32\VERSION.dll
0x00007ff84a9c0000 - 0x00007ff84a9e7000 	C:\Windows\SYSTEM32\WINMM.dll
0x00007ff850980000 - 0x00007ff850992000 	C:\Windows\SYSTEM32\UMPDC.dll
0x00007ff84ee00000 - 0x00007ff84ee12000 	C:\Windows\SYSTEM32\kernel.appcore.dll
0x00007ff8444e0000 - 0x00007ff8444ea000 	C:\Users\Egor Orlenok\.jdks\openjdk-22.0.1\bin\jimage.dll
0x00007ff83e2c0000 - 0x00007ff83e4a4000 	C:\Windows\SYSTEM32\DBGHELP.DLL
0x00007ff83d6a0000 - 0x00007ff83d6d4000 	C:\Windows\SYSTEM32\dbgcore.DLL
0x00007ff851720000 - 0x00007ff8517a2000 	C:\Windows\System32\bcryptPrimitives.dll
0x00007ff844490000 - 0x00007ff84449f000 	C:\Users\Egor Orlenok\.jdks\openjdk-22.0.1\bin\instrument.dll
0x00007ff833b80000 - 0x00007ff833b9e000 	C:\Users\Egor Orlenok\.jdks\openjdk-22.0.1\bin\java.dll
0x00007ff8528c0000 - 0x00007ff853004000 	C:\Windows\System32\SHELL32.dll
0x00007ff851cc0000 - 0x00007ff851deb000 	C:\Windows\System32\ole32.dll
0x00007ff8524b0000 - 0x00007ff852804000 	C:\Windows\System32\combase.dll

dbghelp: loaded successfully - version: 4.0.5 - missing functions: none
symbol engine: initialized successfully - sym options: 0x614 - pdb path: .;C:\Users\Egor Orlenok\.jdks\openjdk-22.0.1\bin;C:\Windows\SYSTEM32;C:\Windows\WinSxS\amd64_microsoft.windows.common-controls_6595b64144ccf1df_6.0.19041.3570_none_60bb2a3971f3e41a;C:\Users\Egor Orlenok\.jdks\openjdk-22.0.1\bin\server

VM Arguments:
jvm_args: -javaagent:C:\Program Files\JetBrains\IntelliJ IDEA 2024.1\lib\idea_rt.jar=17968:C:\Program Files\JetBrains\IntelliJ IDEA 2024.1\bin -Dfile.encoding=UTF-8 -Dsun.stdout.encoding=UTF-8 -Dsun.stderr.encoding=UTF-8 
java_command: Main
java_class_path (initial): D:\DEVELOPMENT\GB_HW\ControlWork\src\SQL\mysql-connector-j-8.3.0.jar;D:\DEVELOPMENT\GB_HW\AnimalsAppJava\AnimalsApp\out\production\AnimalsApp
Launcher Type: SUN_STANDARD

[Global flags]
     intx CICompilerCount                          = 3                                         {product} {ergonomic}
     uint ConcGCThreads                            = 2                                         {product} {ergonomic}
     uint G1ConcRefinementThreads                  = 6                                         {product} {ergonomic}
   size_t G1HeapRegionSize                         = 2097152                                   {product} {ergonomic}
   size_t InitialHeapSize                          = 268435456                                 {product} {ergonomic}
   size_t MarkStackSize                            = 4194304                                   {product} {ergonomic}
   size_t MaxHeapSize                              = 4286578688                                {product} {ergonomic}
   size_t MinHeapDeltaBytes                        = 2097152                                   {product} {ergonomic}
   size_t MinHeapSize                              = 8388608                                   {product} {ergonomic}
    uintx NonNMethodCodeHeapSize                   = 5832780                                {pd product} {ergonomic}
    uintx NonProfiledCodeHeapSize                  = 122912730                              {pd product} {ergonomic}
    uintx ProfiledCodeHeapSize                     = 122912730                              {pd product} {ergonomic}
    uintx ReservedCodeCacheSize                    = 251658240                              {pd product} {ergonomic}
     bool SegmentedCodeCache                       = true                                      {product} {ergonomic}
   size_t SoftMaxHeapSize                          = 4286578688                             {manageable} {ergonomic}
     bool UseCompressedOops                        = true                           {product lp64_product} {ergonomic}
     bool UseG1GC                                  = true                                      {product} {ergonomic}
     bool UseLargePagesIndividualAllocation        = false                                  {pd product} {ergonomic}

Logging:
Log output configuration:
 #0: stdout all=warning uptime,level,tags foldmultilines=false
 #1: stderr all=off uptime,level,tags foldmultilines=false

Environment Variables:
PATH=C:\Program Files (x86)\Common Files\Oracle\Java\java8path;C:\Program Files (x86)\Common Files\Oracle\Java\javapath;C:\Windows\system32\WBEM;C:\Windows\system32\WBEM;C:\Windows\system32\WBEM;C:\Program Files (x86)\VMware\VMware Workstation\bin\;C:\Program Files (x86)\STMicroelectronics\st_toolset\asm;C:\Program Files (x86)\NVIDIA Corporation\PhysX\Common;C:\Windows\system32;C:\Windows;C:\Windows\System32\Wbem;C:\Windows\System32\WindowsPowerShell\v1.0\;C:\Windows\System32\OpenSSH\;C:\Program Files\dotnet\;C:\Program Files (x86)\Windows Kits\10\Windows Performance Toolkit\;C:\Program Files\7-Zip;C:\Program Files (x86)\Windows Kits\8.1\Windows Performance Toolkit\;C:\Program Files (x86)\STMicroelectronics\STM32 ST-LINK Utility\ST-LINK Utility;C:\Program Files (x86)\COSMIC\FSE_Compilers\CXSTM8;C:\Program Files (x86)\COSMIC\FSE_Compilers\CXSTM32;C:\Program Files\Git\cmd;C:\Program Files\MySQL\MySQL Shell 8.0\bin\;C:\Users\Egor Orlenok\AppData\Local\Programs\Python\Python312\Scripts\;C:\Users\Egor Orlenok\AppData\Local\Programs\Python\Python312\;C:\Users\Egor Orlenok\AppData\Local\Programs\Python\Launcher\;C:\Users\Egor Orlenok\AppData\Local\Microsoft\WindowsApps;C:\Users\Egor Orlenok\.dotnet\tools;C:\Users\Egor Orlenok\AppData\Local\Programs\Microsoft VS Code\bin;C:\Program Files\JetBrains\IntelliJ IDEA Community Edition 2023.2.2\bin;C:\Program Files\JetBrains\PyCharm Community Edition 2023.2.1\bin;C:\Users\Egor Orlenok\AppData\Local\GitHubDesktop\bin;C:\Program Files\PuTTY\;C:\Program Files\MySQL\MySQL Shell 8.0\bin\;C:\Users\Egor Orlenok\AppData\Local\Programs\Python\Python312\Scripts\;C:\Users\Egor Orlenok\AppData\Local\Programs\Python\Python312\;C:\Users\Egor Orlenok\AppData\Local\Programs\Python\Launcher\;C:\Users\Egor Orlenok\AppData\Local\Microsoft\WindowsApps;C:\Users\Egor Orlenok\.dotnet\tools;C:\Users\Egor Orlenok\AppData\Local\Programs\Microsoft VS Code\bin;C:\Program Files\JetBrains\IntelliJ IDEA Community Edition 2023.2.2\bin;;C:\Program Files\JetBrains\PyCharm Community Edition 2023.2.1\bin;;C:\Users\Egor Orlenok\AppData\Local\GitHubDesktop\bin
USERNAME=Egor Orlenok
OS=Windows_NT
PROCESSOR_IDENTIFIER=AMD64 Family 21 Model 2 Stepping 0, AuthenticAMD
TMP=C:\Users\EGOROR~1\AppData\Local\Temp
TEMP=C:\Users\EGOROR~1\AppData\Local\Temp




Periodic native trim disabled

---------------  S Y S T E M  ---------------

OS:
 Windows 10 , 64 bit Build 19041 (10.0.19041.3570)
OS uptime: 13 days 6:19 hours
Hyper-V role detected

CPU: total 6 (initial active 6) (6 cores per cpu, 1 threads per core) family 21 model 2 stepping 0 microcode 0x0, cx8, cmov, fxsr, mmx, 3dnowpref, sse, sse2, sse3, ssse3, sse4a, sse4.1, sse4.2, popcnt, lzcnt, tsc, tscinvbit, avx, aes, clmul, bmi1, fma, vzeroupper, clflush, hv, rdtscp, f16c
Processor Information for all 6 processors :
  Max Mhz: 3500, Current Mhz: 3500, Mhz Limit: 3500

Memory: 4k page, system-wide physical 16349M (2682M free)
TotalPageFile size 16349M (AvailPageFile size 160M)
current process WorkingSet (physical memory assigned to process): 12M, peak: 12M
current process commit charge ("private bytes"): 56M, peak: 312M

vm_info: OpenJDK 64-Bit Server VM (22.0.1+8-16) for windows-amd64 JRE (22.0.1+8-16), built on 2024-03-12T10:33:16Z by "mach5one" with MS VC++ 17.6 (VS2022)

END.
